<?xml version='1.0' encoding='UTF-8' ?>
<testsuite tests="0" failures="0" errors="0" skipped="0" time="1.730170187792E9" timestamp="2024-10-29T02:49:47" hostname="localhost">
  <properties>
    <property name="device" value="Medium_Phone_API_35(AVD) - 15" />
    <property name="flavor" value="" />
    <property name="project" value=":app" />
  </properties>
</testsuite>